<?xml version="1.0" encoding="UTF-8"?>
<!-- Generated by org.testng.reporters.JUnitReportReporter -->
<testsuite hostname="LAPTOP-V1JKAO4P" failures="0" tests="1" name="com.buffalocart.Scripts.ForgotPasswordTest" time="0.000" errors="0" timestamp="2022-02-08T22:17:01 IST" skipped="1">
  <testcase classname="com.buffalocart.Scripts.ForgotPasswordTest" name="verifyResetPasswordWithInvalidEmailid" time="0.000">
    <skipped/>
  </testcase> <!-- verifyResetPasswordWithInvalidEmailid -->
  <system-out/>
</testsuite> <!-- com.buffalocart.Scripts.ForgotPasswordTest -->
