<?xml version="1.0" encoding="UTF-8"?>
<!-- Generated by org.testng.reporters.JUnitReportReporter -->
<testsuite hostname="LAPTOP-V1JKAO4P" failures="0" tests="5" name="com.buffalocart.Scripts.ProductTest" time="19.805" errors="0" timestamp="2022-02-08T22:17:00 IST" skipped="0">
  <testcase classname="com.buffalocart.Scripts.ProductTest" name="verifyPdctLnk" time="7.495"/>
  <system-out/>
  <testcase classname="com.buffalocart.Scripts.ProductTest" name="verifyStockRpt" time="0.204"/>
  <system-out/>
  <testcase classname="com.buffalocart.Scripts.ProductTest" name="verifyBtnTwo" time="6.451"/>
  <system-out/>
  <testcase classname="com.buffalocart.Scripts.ProductTest" name="verifytxtSearch" time="2.249"/>
  <system-out/>
  <testcase classname="com.buffalocart.Scripts.ProductTest" name="verifyFilters" time="3.406"/>
  <system-out/>
</testsuite> <!-- com.buffalocart.Scripts.ProductTest -->
