<?xml version="1.0" encoding="UTF-8"?>
<!-- Generated by org.testng.reporters.JUnitReportReporter -->
<testsuite hostname="LAPTOP-V1JKAO4P" failures="0" tests="5" name="com.buffalocart.Scripts.LoginTest" time="9.648" errors="0" timestamp="2022-02-08T22:17:01 IST" skipped="0">
  <testcase classname="com.buffalocart.Scripts.LoginTest" name="verifyvaliduserinvalidpass" time="1.987"/>
  <system-out/>
  <testcase classname="com.buffalocart.Scripts.LoginTest" name="verifyinvaliduservalidpass" time="1.682"/>
  <system-out/>
  <testcase classname="com.buffalocart.Scripts.LoginTest" name="verifyinvaliduserinvalidpass" time="1.661"/>
  <system-out/>
  <testcase classname="com.buffalocart.Scripts.LoginTest" name="clickRemember" time="0.169"/>
  <system-out/>
  <testcase classname="com.buffalocart.Scripts.LoginTest" name="verifyvaliduservalidpass" time="4.149"/>
  <system-out/>
</testsuite> <!-- com.buffalocart.Scripts.LoginTest -->
