<?xml version="1.0" encoding="UTF-8"?>
<!-- Generated by org.testng.reporters.JUnitReportReporter -->
<testsuite hostname="LAPTOP-V1JKAO4P" failures="0" tests="5" name="com.buffalocart.Scripts.HomeTest" time="18.794" errors="0" timestamp="2022-02-08T22:17:01 IST" skipped="0">
  <testcase classname="com.buffalocart.Scripts.HomeTest" name="verifyendtour" time="0.074"/>
  <system-out/>
  <testcase classname="com.buffalocart.Scripts.HomeTest" name="verifyClaculorTitle" time="0.133"/>
  <system-out/>
  <testcase classname="com.buffalocart.Scripts.HomeTest" name="verifyUserClick" time="6.047"/>
  <system-out/>
  <testcase classname="com.buffalocart.Scripts.HomeTest" name="verifyShowEntries" time="5.282"/>
  <system-out/>
  <testcase classname="com.buffalocart.Scripts.HomeTest" name="verifyClickSearch" time="7.258"/>
  <system-out/>
</testsuite> <!-- com.buffalocart.Scripts.HomeTest -->
