<?xml version="1.0" encoding="UTF-8"?>
<!-- Generated by org.testng.reporters.JUnitReportReporter -->
<testsuite hostname="LAPTOP-V1JKAO4P" failures="0" tests="3" name="com.buffalocart.Scripts.RoleTest" time="5.233" errors="0" timestamp="2022-02-08T22:17:01 IST" skipped="0">
  <testcase classname="com.buffalocart.Scripts.RoleTest" name="clickRoleslnl" time="2.932"/>
  <system-out/>
  <testcase classname="com.buffalocart.Scripts.RoleTest" name="verifyShowEntries" time="2.208"/>
  <system-out/>
  <testcase classname="com.buffalocart.Scripts.RoleTest" name="verifyClickSearch" time="0.093"/>
  <system-out/>
</testsuite> <!-- com.buffalocart.Scripts.RoleTest -->
