<?xml version="1.0" encoding="UTF-8"?>
<!-- Generated by org.testng.reporters.JUnitReportReporter -->
<testsuite hostname="LAPTOP-V1JKAO4P" failures="0" tests="2" name="com.buffalocart.Scripts.UserManagementTest" time="3.092" errors="0" timestamp="2022-02-08T22:17:01 IST" skipped="1">
  <testcase classname="com.buffalocart.Scripts.UserManagementTest" name="addUser" time="3.092"/>
  <system-out/>
  <testcase classname="com.buffalocart.Scripts.UserManagementTest" name="addUsers" time="0.000">
    <skipped/>
  </testcase> <!-- addUsers -->
  <system-out/>
</testsuite> <!-- com.buffalocart.Scripts.UserManagementTest -->
