<?xml version="1.0" encoding="UTF-8"?>
<!-- Generated by org.testng.reporters.JUnitReportReporter -->
<testsuite hostname="LAPTOP-V1JKAO4P" failures="0" tests="1" name="com.buffalocart.Scripts.RolesTest" time="0.001" errors="0" timestamp="2022-02-06T16:27:36 IST" skipped="0">
  <testcase classname="com.buffalocart.Scripts.RolesTest" name="f" time="0.001"/>
  <system-out/>
</testsuite> <!-- com.buffalocart.Scripts.RolesTest -->
